<?xml version="1.0" encoding="UTF-8"?>
<!-- Generated by org.testng.reporters.JUnitXMLReporter -->
<testsuite ignored="0" hostname="LIN51016446" failures="0" tests="2" name="Test" time="2.367" errors="0" timestamp="2022-04-05T22:28:59 IST">
  <testcase classname="com.capgemini.seltestclasses.BaseTest" name="@BeforeClass setUp" time="2.317">
    <failure type="org.openqa.selenium.SessionNotCreatedException" message="session not created: This version of ChromeDriver only supports Chrome version 95
Current browser version is 99.0.4844.84 with binary path C:\Program Files (x86)\Google\Chrome\Application\chrome.exe
Build info: version: &amp;apos;3.141.59&amp;apos;, revision: &amp;apos;e82be7d358&amp;apos;, time: &amp;apos;2018-11-14T08:17:03&amp;apos;
System info: host: &amp;apos;LIN51016446&amp;apos;, ip: &amp;apos;192.168.1.100&amp;apos;, os.name: &amp;apos;Windows 10&amp;apos;, os.arch: &amp;apos;amd64&amp;apos;, os.version: &amp;apos;10.0&amp;apos;, java.version: &amp;apos;17&amp;apos;
Driver info: driver.version: ChromeDriver
remote stacktrace: Backtrace:
	Ordinal0 [0x00D43AB3+2505395]
	Ordinal0 [0x00CDAE41+2076225]
	Ordinal0 [0x00BE2498+1057944]
	Ordinal0 [0x00C00841+1181761]
	Ordinal0 [0x00BFC64B+1164875]
	Ordinal0 [0x00BF9EBF+1154751]
	Ordinal0 [0x00C2A02F+1351727]
	Ordinal0 [0x00C29C9A+1350810]
	Ordinal0 [0x00C258BB+1333435]
	Ordinal0 [0x00C023E4+1188836]
	Ordinal0 [0x00C0323F+1192511]
	GetHandleVerifier [0x00ECCB36+1554566]
	GetHandleVerifier [0x00F74A0C+2242396]
	GetHandleVerifier [0x00DD0E0B+523099]
	GetHandleVerifier [0x00DCFEB0+519168]
	Ordinal0 [0x00CE02FD+2097917]
	Ordinal0 [0x00CE4388+2114440]
	Ordinal0 [0x00CE44C2+2114754]
	Ordinal0 [0x00CEE041+2154561]
	BaseThreadInitThunk [0x7504FA29+25]
	RtlGetAppContainerNamedObjectPath [0x771C7A7E+286]
	RtlGetAppContainerNamedObjectPath [0x771C7A4E+238]
">
      <![CDATA[org.openqa.selenium.SessionNotCreatedException: session not created: This version of ChromeDriver only supports Chrome version 95
Current browser version is 99.0.4844.84 with binary path C:\Program Files (x86)\Google\Chrome\Application\chrome.exe
Build info: version: '3.141.59', revision: 'e82be7d358', time: '2018-11-14T08:17:03'
System info: host: 'LIN51016446', ip: '192.168.1.100', os.name: 'Windows 10', os.arch: 'amd64', os.version: '10.0', java.version: '17'
Driver info: driver.version: ChromeDriver
remote stacktrace: Backtrace:
Ordinal0 [0x00D43AB3+2505395]
Ordinal0 [0x00CDAE41+2076225]
Ordinal0 [0x00BE2498+1057944]
Ordinal0 [0x00C00841+1181761]
Ordinal0 [0x00BFC64B+1164875]
Ordinal0 [0x00BF9EBF+1154751]
Ordinal0 [0x00C2A02F+1351727]
Ordinal0 [0x00C29C9A+1350810]
Ordinal0 [0x00C258BB+1333435]
Ordinal0 [0x00C023E4+1188836]
Ordinal0 [0x00C0323F+1192511]
GetHandleVerifier [0x00ECCB36+1554566]
GetHandleVerifier [0x00F74A0C+2242396]
GetHandleVerifier [0x00DD0E0B+523099]
GetHandleVerifier [0x00DCFEB0+519168]
Ordinal0 [0x00CE02FD+2097917]
Ordinal0 [0x00CE4388+2114440]
Ordinal0 [0x00CE44C2+2114754]
Ordinal0 [0x00CEE041+2154561]
BaseThreadInitThunk [0x7504FA29+25]
RtlGetAppContainerNamedObjectPath [0x771C7A7E+286]
RtlGetAppContainerNamedObjectPath [0x771C7A4E+238]

at org.openqa.selenium.remote.W3CHandshakeResponse.lambda$errorHandler$0(W3CHandshakeResponse.java:62)
at org.openqa.selenium.remote.HandshakeResponse.lambda$getResponseFunction$0(HandshakeResponse.java:30)
at org.openqa.selenium.remote.ProtocolHandshake.lambda$createSession$0(ProtocolHandshake.java:126)
at java.base/java.util.stream.ReferencePipeline$3$1.accept(ReferencePipeline.java:197)
at java.base/java.util.Spliterators$ArraySpliterator.tryAdvance(Spliterators.java:1002)
at java.base/java.util.stream.ReferencePipeline.forEachWithCancel(ReferencePipeline.java:129)
at java.base/java.util.stream.AbstractPipeline.copyIntoWithCancel(AbstractPipeline.java:527)
at java.base/java.util.stream.AbstractPipeline.copyInto(AbstractPipeline.java:513)
at java.base/java.util.stream.AbstractPipeline.wrapAndCopyInto(AbstractPipeline.java:499)
at java.base/java.util.stream.FindOps$FindOp.evaluateSequential(FindOps.java:150)
at java.base/java.util.stream.AbstractPipeline.evaluate(AbstractPipeline.java:234)
at java.base/java.util.stream.ReferencePipeline.findFirst(ReferencePipeline.java:647)
at org.openqa.selenium.remote.ProtocolHandshake.createSession(ProtocolHandshake.java:128)
at org.openqa.selenium.remote.ProtocolHandshake.createSession(ProtocolHandshake.java:74)
at org.openqa.selenium.remote.HttpCommandExecutor.execute(HttpCommandExecutor.java:136)
at org.openqa.selenium.remote.service.DriverCommandExecutor.execute(DriverCommandExecutor.java:83)
at org.openqa.selenium.remote.RemoteWebDriver.execute(RemoteWebDriver.java:552)
at org.openqa.selenium.remote.RemoteWebDriver.startSession(RemoteWebDriver.java:213)
at org.openqa.selenium.remote.RemoteWebDriver.<init>(RemoteWebDriver.java:131)
at org.openqa.selenium.chrome.ChromeDriver.<init>(ChromeDriver.java:181)
at org.openqa.selenium.chrome.ChromeDriver.<init>(ChromeDriver.java:168)
at org.openqa.selenium.chrome.ChromeDriver.<init>(ChromeDriver.java:123)
at com.capgemini.seltestclasses.BaseTest.setUp(BaseTest.java:34)
at java.base/java.util.ArrayList.forEach(ArrayList.java:1511)
... Removed 30 stack frames]]>
    </failure>
  </testcase> <!-- @BeforeClass setUp -->
  <testcase classname="com.capgemini.seltestclasses.BaseTest" name="loginBtn" time="0.0">
    <skipped/>
  </testcase> <!-- loginBtn -->
  <testcase classname="com.capgemini.seltestclasses.ViewWorkshopTest2" name="workshopPage" time="0.0">
    <skipped/>
  </testcase> <!-- workshopPage -->
</testsuite> <!-- Test -->
